# JRE version: OpenJDK Runtime Environment (11.0.13) (build 11.0.13+0-b1751.21-8125866)
# Java VM: OpenJDK 64-Bit Server VM (11.0.13+0-b1751.21-8125866, mixed mode, tiered, compressed oops, g1 gc, windows-amd64)
Heap:
 garbage-first heap   total 633856K, used 285344K [0x0000000080000000, 0x0000000100000000)
  region size 1024K, 2 young (2048K), 2 survivors (2048K)
 Metaspace       used 124872K, capacity 128101K, committed 128328K, reserved 1161216K
  class space    used 15667K, capacity 16841K, committed 16896K, reserved 1048576K
GC Heap History (20 events):
Event: 69.639 GC heap after
{Heap after GC invocations=71 (full 0):
 garbage-first heap   total 273408K, used 236544K [0x0000000080000000, 0x0000000100000000)
  region size 1024K, 3 young (3072K), 3 survivors (3072K)
 Metaspace       used 122177K, capacity 125347K, committed 125512K, reserved 1159168K
  class space    used 15159K, capacity 16307K, committed 16384K, reserved 1048576K
}
Event: 69.951 GC heap before
{Heap before GC invocations=71 (full 0):
 garbage-first heap   total 273408K, used 248832K [0x0000000080000000, 0x0000000100000000)
  region size 1024K, 13 young (13312K), 3 survivors (3072K)
 Metaspace       used 122499K, capacity 125707K, committed 125768K, reserved 1159168K
  class space    used 15202K, capacity 16341K, committed 16384K, reserved 1048576K
}
Event: 69.960 GC heap after
{Heap after GC invocations=72 (full 0):
 garbage-first heap   total 273408K, used 236662K [0x0000000080000000, 0x0000000100000000)
  region size 1024K, 2 young (2048K), 2 survivors (2048K)
 Metaspace       used 122499K, capacity 125707K, committed 125768K, reserved 1159168K
  class space    used 15202K, capacity 16341K, committed 16384K, reserved 1048576K
}
Event: 70.195 GC heap before
{Heap before GC invocations=72 (full 0):
 garbage-first heap   total 273408K, used 246902K [0x0000000080000000, 0x0000000100000000)
  region size 1024K, 13 young (13312K), 2 survivors (2048K)
 Metaspace       used 122500K, capacity 125707K, committed 125768K, reserved 1159168K
  class space    used 15202K, capacity 16341K, committed 16384K, reserved 1048576K
}
Event: 70.209 GC heap after
{Heap after GC invocations=73 (full 0):
 garbage-first heap   total 273408K, used 241664K [0x0000000080000000, 0x0000000100000000)
  region size 1024K, 2 young (2048K), 2 survivors (2048K)
 Metaspace       used 122500K, capacity 125707K, committed 125768K, reserved 1159168K
  class space    used 15202K, capacity 16341K, committed 16384K, reserved 1048576K
}
Event: 70.468 GC heap before
{Heap before GC invocations=74 (full 0):
 garbage-first heap   total 273408K, used 251904K [0x0000000080000000, 0x0000000100000000)
  region size 1024K, 13 young (13312K), 2 survivors (2048K)
 Metaspace       used 122501K, capacity 125707K, committed 125768K, reserved 1159168K
  class space    used 15202K, capacity 16341K, committed 16384K, reserved 1048576K
}
Event: 70.487 GC heap after
{Heap after GC invocations=75 (full 0):
 garbage-first heap   total 273408K, used 246268K [0x0000000080000000, 0x0000000100000000)
  region size 1024K, 2 young (2048K), 2 survivors (2048K)
 Metaspace       used 122501K, capacity 125707K, committed 125768K, reserved 1159168K
  class space    used 15202K, capacity 16341K, committed 16384K, reserved 1048576K
}
Event: 70.549 GC heap before
{Heap before GC invocations=75 (full 0):
 garbage-first heap   total 273408K, used 257532K [0x0000000080000000, 0x0000000100000000)
  region size 1024K, 13 young (13312K), 2 survivors (2048K)
 Metaspace       used 122501K, capacity 125707K, committed 125768K, reserved 1159168K
  class space    used 15202K, capacity 16341K, committed 16384K, reserved 1048576K
}
Event: 70.578 GC heap after
{Heap after GC invocations=76 (full 0):
 garbage-first heap   total 273408K, used 250378K [0x0000000080000000, 0x0000000100000000)
  region size 1024K, 2 young (2048K), 2 survivors (2048K)
 Metaspace       used 122501K, capacity 125707K, committed 125768K, reserved 1159168K
  class space    used 15202K, capacity 16341K, committed 16384K, reserved 1048576K
}
Event: 70.586 GC heap before
{Heap before GC invocations=76 (full 0):
 garbage-first heap   total 273408K, used 251402K [0x0000000080000000, 0x0000000100000000)
  region size 1024K, 4 young (4096K), 2 survivors (2048K)
 Metaspace       used 122501K, capacity 125707K, committed 125768K, reserved 1159168K
  class space    used 15202K, capacity 16341K, committed 16384K, reserved 1048576K
}
Event: 70.601 GC heap after
{Heap after GC invocations=77 (full 0):
 garbage-first heap   total 273408K, used 251670K [0x0000000080000000, 0x0000000100000000)
  region size 1024K, 1 young (1024K), 1 survivors (1024K)
 Metaspace       used 122501K, capacity 125707K, committed 125768K, reserved 1159168K
  class space    used 15202K, capacity 16341K, committed 16384K, reserved 1048576K
}
Event: 70.707 GC heap before
{Heap before GC invocations=77 (full 0):
 garbage-first heap   total 273408K, used 264982K [0x0000000080000000, 0x0000000100000000)
  region size 1024K, 13 young (13312K), 1 survivors (1024K)
 Metaspace       used 122501K, capacity 125707K, committed 125768K, reserved 1159168K
  class space    used 15202K, capacity 16341K, committed 16384K, reserved 1048576K
}
Event: 70.737 GC heap after
{Heap after GC invocations=78 (full 0):
 garbage-first heap   total 340992K, used 257831K [0x0000000080000000, 0x0000000100000000)
  region size 1024K, 2 young (2048K), 2 survivors (2048K)
 Metaspace       used 122501K, capacity 125707K, committed 125768K, reserved 1159168K
  class space    used 15202K, capacity 16341K, committed 16384K, reserved 1048576K
}
Event: 71.186 GC heap before
{Heap before GC invocations=78 (full 0):
 garbage-first heap   total 340992K, used 271143K [0x0000000080000000, 0x0000000100000000)
  region size 1024K, 16 young (16384K), 2 survivors (2048K)
 Metaspace       used 124736K, capacity 128022K, committed 128328K, reserved 1161216K
  class space    used 15665K, capacity 16839K, committed 16896K, reserved 1048576K
}
Event: 71.208 GC heap after
{Heap after GC invocations=79 (full 0):
 garbage-first heap   total 340992K, used 262310K [0x0000000080000000, 0x0000000100000000)
  region size 1024K, 2 young (2048K), 2 survivors (2048K)
 Metaspace       used 124736K, capacity 128022K, committed 128328K, reserved 1161216K
  class space    used 15665K, capacity 16839K, committed 16896K, reserved 1048576K
}
Event: 71.439 GC heap before
{Heap before GC invocations=79 (full 0):
 garbage-first heap   total 340992K, used 276646K [0x0000000080000000, 0x0000000100000000)
  region size 1024K, 16 young (16384K), 2 survivors (2048K)
 Metaspace       used 124781K, capacity 128027K, committed 128328K, reserved 1161216K
  class space    used 15666K, capacity 16839K, committed 16896K, reserved 1048576K
}
Event: 71.464 GC heap after
{Heap after GC invocations=80 (full 0):
 garbage-first heap   total 340992K, used 269866K [0x0000000080000000, 0x0000000100000000)
  region size 1024K, 2 young (2048K), 2 survivors (2048K)
 Metaspace       used 124781K, capacity 128027K, committed 128328K, reserved 1161216K
  class space    used 15666K, capacity 16839K, committed 16896K, reserved 1048576K
}
Event: 71.626 GC heap before
{Heap before GC invocations=81 (full 0):
 garbage-first heap   total 340992K, used 284202K [0x0000000080000000, 0x0000000100000000)
  region size 1024K, 16 young (16384K), 2 survivors (2048K)
 Metaspace       used 124797K, capacity 128028K, committed 128328K, reserved 1161216K
  class space    used 15666K, capacity 16839K, committed 16896K, reserved 1048576K
}
Event: 71.650 GC heap after
{Heap after GC invocations=82 (full 0):
 garbage-first heap   total 340992K, used 277405K [0x0000000080000000, 0x0000000100000000)
  region size 1024K, 2 young (2048K), 2 survivors (2048K)
 Metaspace       used 124797K, capacity 128028K, committed 128328K, reserved 1161216K
  class space    used 15666K, capacity 16839K, committed 16896K, reserved 1048576K
}
Event: 71.750 GC heap before
{Heap before GC invocations=82 (full 0):
 garbage-first heap   total 340992K, used 290717K [0x0000000080000000, 0x0000000100000000)
  region size 1024K, 16 young (16384K), 2 survivors (2048K)
 Metaspace       used 124872K, capacity 128101K, committed 128328K, reserved 1161216K
  class space    used 15667K, capacity 16841K, committed 16896K, reserved 1048576K
}

