# JRE version: OpenJDK Runtime Environment (11.0.13) (build 11.0.13+0-b1751.21-8125866)
# Java VM: OpenJDK 64-Bit Server VM (11.0.13+0-b1751.21-8125866, mixed mode, tiered, compressed oops, g1 gc, windows-amd64)
Heap:
 garbage-first heap   total 545792K, used 255168K [0x0000000080000000, 0x0000000100000000)
  region size 1024K, 1 young (1024K), 1 survivors (1024K)
 Metaspace       used 137296K, capacity 140927K, committed 143376K, reserved 1173504K
  class space    used 16808K, capacity 18222K, committed 19276K, reserved 1048576K
GC Heap History (20 events):
Event: 104.847 GC heap after
{Heap after GC invocations=53 (full 0):
 garbage-first heap   total 345088K, used 246272K [0x0000000080000000, 0x0000000100000000)
  region size 1024K, 9 young (9216K), 9 survivors (9216K)
 Metaspace       used 137086K, capacity 140757K, committed 143376K, reserved 1173504K
  class space    used 16804K, capacity 18214K, committed 19276K, reserved 1048576K
}
Event: 105.129 GC heap before
{Heap before GC invocations=53 (full 0):
 garbage-first heap   total 345088K, used 281088K [0x0000000080000000, 0x0000000100000000)
  region size 1024K, 43 young (44032K), 9 survivors (9216K)
 Metaspace       used 137096K, capacity 140757K, committed 143376K, reserved 1173504K
  class space    used 16804K, capacity 18214K, committed 19276K, reserved 1048576K
}
Event: 105.215 GC heap after
{Heap after GC invocations=54 (full 0):
 garbage-first heap   total 345088K, used 264704K [0x0000000080000000, 0x0000000100000000)
  region size 1024K, 6 young (6144K), 6 survivors (6144K)
 Metaspace       used 137096K, capacity 140757K, committed 143376K, reserved 1173504K
  class space    used 16804K, capacity 18214K, committed 19276K, reserved 1048576K
}
Event: 106.704 GC heap before
{Heap before GC invocations=54 (full 0):
 garbage-first heap   total 345088K, used 286208K [0x0000000080000000, 0x0000000100000000)
  region size 1024K, 28 young (28672K), 6 survivors (6144K)
 Metaspace       used 137114K, capacity 140751K, committed 143376K, reserved 1173504K
  class space    used 16803K, capacity 18212K, committed 19276K, reserved 1048576K
}
Event: 106.761 GC heap after
{Heap after GC invocations=55 (full 0):
 garbage-first heap   total 345088K, used 277504K [0x0000000080000000, 0x0000000100000000)
  region size 1024K, 4 young (4096K), 4 survivors (4096K)
 Metaspace       used 137114K, capacity 140751K, committed 143376K, reserved 1173504K
  class space    used 16803K, capacity 18212K, committed 19276K, reserved 1048576K
}
Event: 107.560 GC heap before
{Heap before GC invocations=56 (full 0):
 garbage-first heap   total 345088K, used 292864K [0x0000000080000000, 0x0000000100000000)
  region size 1024K, 19 young (19456K), 4 survivors (4096K)
 Metaspace       used 137164K, capacity 140754K, committed 143376K, reserved 1173504K
  class space    used 16803K, capacity 18212K, committed 19276K, reserved 1048576K
}
Event: 107.590 GC heap after
{Heap after GC invocations=57 (full 0):
 garbage-first heap   total 345088K, used 279040K [0x0000000080000000, 0x0000000100000000)
  region size 1024K, 1 young (1024K), 1 survivors (1024K)
 Metaspace       used 137164K, capacity 140754K, committed 143376K, reserved 1173504K
  class space    used 16803K, capacity 18212K, committed 19276K, reserved 1048576K
}
Event: 108.002 GC heap before
{Heap before GC invocations=57 (full 0):
 garbage-first heap   total 345088K, used 293376K [0x0000000080000000, 0x0000000100000000)
  region size 1024K, 16 young (16384K), 1 survivors (1024K)
 Metaspace       used 137243K, capacity 140858K, committed 143376K, reserved 1173504K
  class space    used 16808K, capacity 18222K, committed 19276K, reserved 1048576K
}
Event: 108.075 GC heap after
{Heap after GC invocations=58 (full 0):
 garbage-first heap   total 345088K, used 260793K [0x0000000080000000, 0x0000000100000000)
  region size 1024K, 2 young (2048K), 2 survivors (2048K)
 Metaspace       used 137243K, capacity 140858K, committed 143376K, reserved 1173504K
  class space    used 16808K, capacity 18222K, committed 19276K, reserved 1048576K
}
Event: 108.769 GC heap before
{Heap before GC invocations=58 (full 0):
 garbage-first heap   total 345088K, used 283321K [0x0000000080000000, 0x0000000100000000)
  region size 1024K, 25 young (25600K), 2 survivors (2048K)
 Metaspace       used 137257K, capacity 140863K, committed 143376K, reserved 1173504K
  class space    used 16808K, capacity 18222K, committed 19276K, reserved 1048576K
}
Event: 108.801 GC heap after
{Heap after GC invocations=59 (full 0):
 garbage-first heap   total 345088K, used 264704K [0x0000000080000000, 0x0000000100000000)
  region size 1024K, 4 young (4096K), 4 survivors (4096K)
 Metaspace       used 137257K, capacity 140863K, committed 143376K, reserved 1173504K
  class space    used 16808K, capacity 18222K, committed 19276K, reserved 1048576K
}
Event: 109.164 GC heap before
{Heap before GC invocations=59 (full 0):
 garbage-first heap   total 345088K, used 286208K [0x0000000080000000, 0x0000000100000000)
  region size 1024K, 26 young (26624K), 4 survivors (4096K)
 Metaspace       used 137266K, capacity 140863K, committed 143376K, reserved 1173504K
  class space    used 16808K, capacity 18222K, committed 19276K, reserved 1048576K
}
Event: 109.182 GC heap after
{Heap after GC invocations=60 (full 0):
 garbage-first heap   total 345088K, used 266621K [0x0000000080000000, 0x0000000100000000)
  region size 1024K, 2 young (2048K), 2 survivors (2048K)
 Metaspace       used 137266K, capacity 140863K, committed 143376K, reserved 1173504K
  class space    used 16808K, capacity 18222K, committed 19276K, reserved 1048576K
}
Event: 109.471 GC heap before
{Heap before GC invocations=60 (full 0):
 garbage-first heap   total 345088K, used 277885K [0x0000000080000000, 0x0000000100000000)
  region size 1024K, 14 young (14336K), 2 survivors (2048K)
 Metaspace       used 137279K, capacity 140863K, committed 143376K, reserved 1173504K
  class space    used 16808K, capacity 18222K, committed 19276K, reserved 1048576K
}
Event: 109.488 GC heap after
{Heap after GC invocations=61 (full 0):
 garbage-first heap   total 345088K, used 267481K [0x0000000080000000, 0x0000000100000000)
  region size 1024K, 3 young (3072K), 3 survivors (3072K)
 Metaspace       used 137279K, capacity 140863K, committed 143376K, reserved 1173504K
  class space    used 16808K, capacity 18222K, committed 19276K, reserved 1048576K
}
Event: 110.601 GC heap before
{Heap before GC invocations=61 (full 0):
 garbage-first heap   total 345088K, used 297177K [0x0000000080000000, 0x0000000100000000)
  region size 1024K, 25 young (25600K), 3 survivors (3072K)
 Metaspace       used 137291K, capacity 140927K, committed 143376K, reserved 1173504K
  class space    used 16808K, capacity 18222K, committed 19276K, reserved 1048576K
}
Event: 110.640 GC heap after
{Heap after GC invocations=62 (full 0):
 garbage-first heap   total 345088K, used 275536K [0x0000000080000000, 0x0000000100000000)
  region size 1024K, 3 young (3072K), 3 survivors (3072K)
 Metaspace       used 137291K, capacity 140927K, committed 143376K, reserved 1173504K
  class space    used 16808K, capacity 18222K, committed 19276K, reserved 1048576K
}
Event: 111.999 GC heap before
{Heap before GC invocations=63 (full 0):
 garbage-first heap   total 345088K, used 286800K [0x0000000080000000, 0x0000000100000000)
  region size 1024K, 23 young (23552K), 3 survivors (3072K)
 Metaspace       used 137296K, capacity 140927K, committed 143376K, reserved 1173504K
  class space    used 16808K, capacity 18222K, committed 19276K, reserved 1048576K
}
Event: 112.048 GC heap after
{Heap after GC invocations=64 (full 0):
 garbage-first heap   total 345088K, used 268398K [0x0000000080000000, 0x0000000100000000)
  region size 1024K, 3 young (3072K), 3 survivors (3072K)
 Metaspace       used 137296K, capacity 140927K, committed 143376K, reserved 1173504K
  class space    used 16808K, capacity 18222K, committed 19276K, reserved 1048576K
}
Event: 112.382 GC heap before
{Heap before GC invocations=64 (full 0):
 garbage-first heap   total 345088K, used 280686K [0x0000000080000000, 0x0000000100000000)
  region size 1024K, 16 young (16384K), 3 survivors (3072K)
 Metaspace       used 137296K, capacity 140927K, committed 143376K, reserved 1173504K
  class space    used 16808K, capacity 18222K, committed 19276K, reserved 1048576K
}

